Arguments: 
  /Users/Mauricio/.nvm/versions/node/v8.15.0/bin/node /usr/local/Cellar/yarn/1.5.1_1/libexec/bin/yarn.js start

PATH: 
  /Users/Mauricio/.rvm/gems/ruby-2.6.0/bin:/Users/Mauricio/.rvm/gems/ruby-2.6.0@global/bin:/Users/Mauricio/.rvm/rubies/ruby-2.6.0/bin:/usr/local/Cellar/mysql/5.7.21/bin:/usr/local/opt/mongodb@3.4/bin:/usr/local/bin:/usr/bin:/bin:/usr/sbin:/sbin:/opt/X11/bin:/Users/Mauricio/.rvm/gems/ruby-2.6.0/bin:/Users/Mauricio/.rvm/gems/ruby-2.6.0@global/bin:/Users/Mauricio/.rvm/rubies/ruby-2.6.0/bin:/usr/local/Cellar/mysql/5.7.21/bin:/usr/local/opt/mongodb@3.4/bin:/Users/Mauricio/.nvm/versions/node/v8.15.0/bin:/Users/Mauricio/.rvm/bin

Yarn version: 
  1.5.1

Node version: 
  8.15.0

Platform: 
  darwin x64

npm manifest: 
  No manifest

yarn manifest: 
  No manifest

Lockfile: 
  No lockfile

Trace: 
  Error: Couldn't find a package.json file in "/Users/Mauricio/GoCater/projects/interview-challenge/frontend"
      at new MessageError (/usr/local/Cellar/yarn/1.5.1_1/libexec/lib/cli.js:186:110)
      at /usr/local/Cellar/yarn/1.5.1_1/libexec/lib/cli.js:40048:15
      at Generator.next (<anonymous>)
      at step (/usr/local/Cellar/yarn/1.5.1_1/libexec/lib/cli.js:98:30)
      at /usr/local/Cellar/yarn/1.5.1_1/libexec/lib/cli.js:109:13
      at <anonymous>
